Log file open, 03/23/18 20:07:36
LogWindows: Failed to load 'aqProf.dll' (GetLastError=126)
LogWindows: File 'aqProf.dll' does not exist
LogWindows: Failed to load 'VtuneApi.dll' (GetLastError=126)
LogWindows: File 'VtuneApi.dll' does not exist
LogWindows: Failed to load 'VtuneApi32e.dll' (GetLastError=126)
LogWindows: File 'VtuneApi32e.dll' does not exist
LogInit: Display: Running engine for game: BVS4UE_JRB
LogPlatformFile: Not using cached read wrapper
LogInit: Display: RandInit(-1449092508) SRandInit(-1449092508).
LogInit: Read version file with build ID '3944462'
LogInit: Overriding engine version to CL 3944462, compatible CL 3944462
LogInit: Registered custom module enumerator with build ID '3944462'
LogTaskGraph: Started task graph with 5 named threads and 23 total threads with 3 sets of task threads.
LogStats: Stats thread started at 0.269420
LogD3D11RHI: Aftermath initialized
LogICUInternationalization: Display: ICU TimeZone Detection - Raw Offset: -5:00, Platform Override: ''
LogModuleManager: Display: Found up-to-date module file ../../../Engine/Plugins/2D/Paper2D/Binaries/Win64/UE4Editor-Paper2D.dll (API version 3944462).
LogModuleManager: Display: Found up-to-date module file ../../../Engine/Plugins/2D/Paper2D/Binaries/Win64/UE4Editor-Paper2DEditor.dll (API version 3944462).
LogModuleManager: Display: Found up-to-date module file ../../../Engine/Plugins/2D/Paper2D/Binaries/Win64/UE4Editor-PaperSpriteSheetImporter.dll (API version 3944462).
LogModuleManager: Display: Found up-to-date module file ../../../Engine/Plugins/2D/Paper2D/Binaries/Win64/UE4Editor-PaperTiledImporter.dll (API version 3944462).
LogModuleManager: Display: Found up-to-date module file ../../../Engine/Plugins/2D/Paper2D/Binaries/Win64/UE4Editor-SmartSnapping.dll (API version 3944462).
LogModuleManager: Display: Found up-to-date module file ../../../Engine/Plugins/Blendables/LightPropagationVolume/Binaries/Win64/UE4Editor-LightPropagationVolumeRuntime.dll (API version 3944462).
LogModuleManager: Display: Found up-to-date module file ../../../Engine/Plugins/Blendables/LightPropagationVolume/Binaries/Win64/UE4Editor-LightPropagationVolumeEditor.dll (API version 3944462).
LogModuleManager: Display: Found up-to-date module file ../../../Engine/Plugins/Developer/CLionSourceCodeAccess/Binaries/Win64/UE4Editor-CLionSourceCodeAccess.dll (API version 3944462).
LogModuleManager: Display: Found up-to-date module file ../../../Engine/Plugins/Developer/GitSourceControl/Binaries/Win64/UE4Editor-GitSourceControl.dll (API version 3944462).
LogModuleManager: Display: Found up-to-date module file ../../../Engine/Plugins/Developer/PerforceSourceControl/Binaries/Win64/UE4Editor-PerforceSourceControl.dll (API version 3944462).
LogModuleManager: Display: Found up-to-date module file ../../../Engine/Plugins/Developer/SubversionSourceControl/Binaries/Win64/UE4Editor-SubversionSourceControl.dll (API version 3944462).
LogModuleManager: Display: Found up-to-date module file ../../../Engine/Plugins/Developer/UObjectPlugin/Binaries/Win64/UE4Editor-UObjectPlugin.dll (API version 3944462).
LogModuleManager: Display: Found up-to-date module file ../../../Engine/Plugins/Developer/VisualStudioCodeSourceCodeAccess/Binaries/Win64/UE4Editor-VisualStudioCodeSourceCodeAccess.dll (API version 3944462).
LogModuleManager: Display: Found up-to-date module file ../../../Engine/Plugins/Developer/VisualStudioSourceCodeAccess/Binaries/Win64/UE4Editor-VisualStudioSourceCodeAccess.dll (API version 3944462).
LogModuleManager: Display: Found up-to-date module file ../../../Engine/Plugins/Editor/AssetManagerEditor/Binaries/Win64/UE4Editor-AssetManagerEditor.dll (API version 3944462).
LogModuleManager: Display: Found up-to-date module file ../../../Engine/Plugins/Editor/CryptoKeys/Binaries/Win64/UE4Editor-CryptoKeys.dll (API version 3944462).
LogModuleManager: Display: Found up-to-date module file ../../../Engine/Plugins/Editor/CryptoKeys/Binaries/Win64/UE4Editor-CryptoKeysOpenSSL.dll (API version 3944462).
LogModuleManager: Display: Found up-to-date module file ../../../Engine/Plugins/Editor/DataValidation/Binaries/Win64/UE4Editor-DataValidation.dll (API version 3944462).
LogModuleManager: Display: Found up-to-date module file ../../../Engine/Plugins/Editor/FacialAnimation/Binaries/Win64/UE4Editor-FacialAnimation.dll (API version 3944462).
LogModuleManager: Display: Found up-to-date module file ../../../Engine/Plugins/Editor/FacialAnimation/Binaries/Win64/UE4Editor-FacialAnimationEditor.dll (API version 3944462).
LogModuleManager: Display: Found up-to-date module file ../../../Engine/Plugins/Editor/GameplayTagsEditor/Binaries/Win64/UE4Editor-GameplayTagsEditor.dll (API version 3944462).
LogModuleManager: Display: Found up-to-date module file ../../../Engine/Plugins/Editor/MobileLauncherProfileWizard/Binaries/Win64/UE4Editor-MobileLauncherProfileWizard.dll (API version 3944462).
LogModuleManager: Display: Found up-to-date module file ../../../Engine/Plugins/Editor/PluginBrowser/Binaries/Win64/UE4Editor-PluginBrowser.dll (API version 3944462).
LogModuleManager: Display: Found up-to-date module file ../../../Engine/Plugins/Editor/SpeedTreeImporter/Binaries/Win64/UE4Editor-SpeedTreeImporter.dll (API version 3944462).
LogModuleManager: Display: Found up-to-date module file ../../../Engine/Plugins/Enterprise/DatasmithContent/Binaries/Win64/UE4Editor-DatasmithContent.dll (API version 3944462).
LogModuleManager: Display: Found up-to-date module file ../../../Engine/Plugins/Experimental/AlembicImporter/Binaries/Win64/UE4Editor-AlembicImporter.dll (API version 3944462).
LogModuleManager: Display: Found up-to-date module file ../../../Engine/Plugins/Experimental/AlembicImporter/Binaries/Win64/UE4Editor-AlembicLibrary.dll (API version 3944462).
LogModuleManager: Display: Found up-to-date module file ../../../Engine/Plugins/Experimental/CharacterAI/Binaries/Win64/UE4Editor-CharacterAI.dll (API version 3944462).
LogModuleManager: Display: Found up-to-date module file ../../../Engine/Plugins/Experimental/HTML5Networking/Binaries/Win64/UE4Editor-HTML5Networking.dll (API version 3944462).
LogModuleManager: Display: Found up-to-date module file ../../../Engine/Plugins/Media/AndroidMedia/Binaries/Win64/UE4Editor-AndroidMediaEditor.dll (API version 3944462).
LogModuleManager: Display: Found up-to-date module file ../../../Engine/Plugins/Media/AndroidMedia/Binaries/Win64/UE4Editor-AndroidMediaFactory.dll (API version 3944462).
LogModuleManager: Display: Found up-to-date module file ../../../Engine/Plugins/Media/AvfMedia/Binaries/Win64/UE4Editor-AvfMediaEditor.dll (API version 3944462).
LogModuleManager: Display: Found up-to-date module file ../../../Engine/Plugins/Media/AvfMedia/Binaries/Win64/UE4Editor-AvfMediaFactory.dll (API version 3944462).
LogModuleManager: Display: Found up-to-date module file ../../../Engine/Plugins/Media/AvfMedia/Binaries/Win64/UE4Editor-AvfMediaFactory.dll (API version 3944462).
LogModuleManager: Display: Found up-to-date module file ../../../Engine/Plugins/Media/ImgMedia/Binaries/Win64/UE4Editor-ImgMedia.dll (API version 3944462).
LogModuleManager: Display: Found up-to-date module file ../../../Engine/Plugins/Media/ImgMedia/Binaries/Win64/UE4Editor-ImgMediaEditor.dll (API version 3944462).
LogModuleManager: Display: Found up-to-date module file ../../../Engine/Plugins/Media/ImgMedia/Binaries/Win64/UE4Editor-ImgMediaFactory.dll (API version 3944462).
LogModuleManager: Display: Found up-to-date module file ../../../Engine/Plugins/Media/ImgMedia/Binaries/Win64/UE4Editor-ImgMediaFactory.dll (API version 3944462).
LogModuleManager: Display: Found up-to-date module file ../../../Engine/Plugins/Media/ImgMedia/Binaries/Win64/UE4Editor-OpenExrWrapper.dll (API version 3944462).
LogModuleManager: Display: Found up-to-date module file ../../../Engine/Plugins/Media/LinearTimecode/Binaries/Win64/UE4Editor-LinearTimecode.dll (API version 3944462).
LogModuleManager: Display: Found up-to-date module file ../../../Engine/Plugins/Media/MediaCompositing/Binaries/Win64/UE4Editor-MediaCompositing.dll (API version 3944462).
LogModuleManager: Display: Found up-to-date module file ../../../Engine/Plugins/Media/MediaCompositing/Binaries/Win64/UE4Editor-MediaCompositingEditor.dll (API version 3944462).
LogModuleManager: Display: Found up-to-date module file ../../../Engine/Plugins/Media/MediaPlayerEditor/Binaries/Win64/UE4Editor-MediaPlayerEditor.dll (API version 3944462).
LogModuleManager: Display: Found up-to-date module file ../../../Engine/Plugins/Media/WmfMedia/Binaries/Win64/UE4Editor-WmfMedia.dll (API version 3944462).
LogModuleManager: Display: Found up-to-date module file ../../../Engine/Plugins/Media/WmfMedia/Binaries/Win64/UE4Editor-WmfMediaEditor.dll (API version 3944462).
LogModuleManager: Display: Found up-to-date module file ../../../Engine/Plugins/Media/WmfMedia/Binaries/Win64/UE4Editor-WmfMediaFactory.dll (API version 3944462).
LogModuleManager: Display: Found up-to-date module file ../../../Engine/Plugins/Media/WmfMedia/Binaries/Win64/UE4Editor-WmfMediaFactory.dll (API version 3944462).
LogModuleManager: Display: Found up-to-date module file ../../../Engine/Plugins/Messaging/TcpMessaging/Binaries/Win64/UE4Editor-TcpMessaging.dll (API version 3944462).
LogModuleManager: Display: Found up-to-date module file ../../../Engine/Plugins/Messaging/UdpMessaging/Binaries/Win64/UE4Editor-UdpMessaging.dll (API version 3944462).
LogModuleManager: Display: Found up-to-date module file ../../../Engine/Plugins/MovieScene/ActorSequence/Binaries/Win64/UE4Editor-ActorSequence.dll (API version 3944462).
LogModuleManager: Display: Found up-to-date module file ../../../Engine/Plugins/MovieScene/LevelSequenceEditor/Binaries/Win64/UE4Editor-LevelSequenceEditor.dll (API version 3944462).
LogModuleManager: Display: Found up-to-date module file ../../../Engine/Plugins/MovieScene/MatineeToLevelSequence/Binaries/Win64/UE4Editor-MatineeToLevelSequence.dll (API version 3944462).
LogModuleManager: Display: Found up-to-date module file ../../../Engine/Plugins/NetcodeUnitTest/NetcodeUnitTest/Binaries/Win64/UE4Editor-NetcodeUnitTest.dll (API version 3944462).
LogModuleManager: Display: Found up-to-date module file ../../../Engine/Plugins/NetcodeUnitTest/NUTUnrealEngine4/Binaries/Win64/UE4Editor-NUTUnrealEngine4.dll (API version 3944462).
LogModuleManager: Display: Found up-to-date module file ../../../Engine/Plugins/Online/OnlineSubsystem/Binaries/Win64/UE4Editor-OnlineSubsystem.dll (API version 3944462).
LogModuleManager: Display: Found up-to-date module file ../../../Engine/Plugins/Runtime/AndroidPermission/Binaries/Win64/UE4Editor-AndroidPermission.dll (API version 3944462).
LogModuleManager: Display: Found up-to-date module file ../../../Engine/Plugins/Online/OnlineSubsystemNull/Binaries/Win64/UE4Editor-OnlineSubsystemNull.dll (API version 3944462).
LogModuleManager: Display: Found up-to-date module file ../../../Engine/Plugins/Online/OnlineSubsystemUtils/Binaries/Win64/UE4Editor-OnlineSubsystemUtils.dll (API version 3944462).
LogModuleManager: Display: Found up-to-date module file ../../../Engine/Plugins/Online/OnlineSubsystemUtils/Binaries/Win64/UE4Editor-OnlineBlueprintSupport.dll (API version 3944462).
LogModuleManager: Display: Found up-to-date module file ../../../Engine/Plugins/Runtime/AndroidDeviceProfileSelector/Binaries/Win64/UE4Editor-AndroidDeviceProfileSelector.dll (API version 3944462).
LogModuleManager: Display: Found up-to-date module file ../../../Engine/Plugins/Runtime/AppleARKit/Binaries/Win64/UE4Editor-AppleARKit.dll (API version 3944462).
LogModuleManager: Display: Found up-to-date module file ../../../Engine/Plugins/Runtime/ProceduralMeshComponent/Binaries/Win64/UE4Editor-ProceduralMeshComponent.dll (API version 3944462).
LogModuleManager: Display: Found up-to-date module file ../../../Engine/Plugins/Runtime/ProceduralMeshComponent/Binaries/Win64/UE4Editor-ProceduralMeshComponentEditor.dll (API version 3944462).
LogModuleManager: Display: Found up-to-date module file ../../../Engine/Plugins/Animation/LiveLink/Binaries/Win64/UE4Editor-LiveLink.dll (API version 3944462).
LogModuleManager: Display: Found up-to-date module file ../../../Engine/Plugins/Animation/LiveLink/Binaries/Win64/UE4Editor-LiveLinkEditor.dll (API version 3944462).
LogModuleManager: Display: Found up-to-date module file ../../../Engine/Plugins/Runtime/ArchVisCharacter/Binaries/Win64/UE4Editor-ArchVisCharacter.dll (API version 3944462).
LogModuleManager: Display: Found up-to-date module file ../../../Engine/Plugins/Runtime/AudioCapture/Binaries/Win64/UE4Editor-AudioCapture.dll (API version 3944462).
LogModuleManager: Display: Found up-to-date module file ../../../Engine/Plugins/Runtime/AudioCapture/Binaries/Win64/UE4Editor-AudioCaptureEditor.dll (API version 3944462).
LogModuleManager: Display: Found up-to-date module file ../../../Engine/Plugins/Runtime/CableComponent/Binaries/Win64/UE4Editor-CableComponent.dll (API version 3944462).
LogModuleManager: Display: Found up-to-date module file ../../../Engine/Plugins/Runtime/CustomMeshComponent/Binaries/Win64/UE4Editor-CustomMeshComponent.dll (API version 3944462).
LogModuleManager: Display: Found up-to-date module file ../../../Engine/Plugins/Runtime/ExampleDeviceProfileSelector/Binaries/Win64/UE4Editor-ExampleDeviceProfileSelector.dll (API version 3944462).
LogModuleManager: Display: Found up-to-date module file ../../../Engine/Plugins/Runtime/ImmediatePhysics/Binaries/Win64/UE4Editor-ImmediatePhysics.dll (API version 3944462).
LogModuleManager: Display: Found up-to-date module file ../../../Engine/Plugins/Runtime/ImmediatePhysics/Binaries/Win64/UE4Editor-ImmediatePhysicsEditor.dll (API version 3944462).
LogModuleManager: Display: Found up-to-date module file ../../../Engine/Plugins/Runtime/LocationServicesBPLibrary/Binaries/Win64/UE4Editor-LocationServicesBPLibrary.dll (API version 3944462).
LogModuleManager: Display: Found up-to-date module file ../../../Engine/Plugins/Runtime/MobilePatchingUtils/Binaries/Win64/UE4Editor-MobilePatchingUtils.dll (API version 3944462).
LogModuleManager: Display: Found up-to-date module file ../../../Engine/Plugins/Runtime/Oculus/OculusVR/Binaries/Win64/UE4Editor-OculusHMD.dll (API version 3944462).
LogModuleManager: Display: Found up-to-date module file ../../../Engine/Plugins/Runtime/Oculus/OculusVR/Binaries/Win64/UE4Editor-OculusInput.dll (API version 3944462).
LogModuleManager: Display: Found up-to-date module file ../../../Engine/Plugins/Runtime/Oculus/OculusVR/Binaries/Win64/UE4Editor-OculusEditor.dll (API version 3944462).
LogModuleManager: Display: Found up-to-date module file ../../../Engine/Plugins/Runtime/PhysXVehicles/Binaries/Win64/UE4Editor-PhysXVehicles.dll (API version 3944462).
LogModuleManager: Display: Found up-to-date module file ../../../Engine/Plugins/Runtime/PhysXVehicles/Binaries/Win64/UE4Editor-PhysXVehiclesEditor.dll (API version 3944462).
LogModuleManager: Display: Found up-to-date module file ../../../Engine/Plugins/Runtime/RuntimePhysXCooking/Binaries/Win64/UE4Editor-RuntimePhysXCooking.dll (API version 3944462).
LogModuleManager: Display: Found up-to-date module file ../../../Engine/Plugins/Runtime/Steam/SteamVR/Binaries/Win64/UE4Editor-SteamVR.dll (API version 3944462).
LogModuleManager: Display: Found up-to-date module file ../../../Engine/Plugins/Runtime/Steam/SteamVR/Binaries/Win64/UE4Editor-SteamVRController.dll (API version 3944462).
LogModuleManager: Display: Found up-to-date module file ../../../Engine/Plugins/Runtime/WindowsMoviePlayer/Binaries/Win64/UE4Editor-WindowsMoviePlayer.dll (API version 3944462).
LogPluginManager: Mounting plugin Paper2D
LogPluginManager: Mounting plugin LiveLink
LogPluginManager: Mounting plugin LightPropagationVolume
LogPluginManager: Mounting plugin CLionSourceCodeAccess
LogPluginManager: Mounting plugin CodeLiteSourceCodeAccess
LogPluginManager: Mounting plugin GitSourceControl
LogPluginManager: Mounting plugin KDevelopSourceCodeAccess
LogPluginManager: Mounting plugin NullSourceCodeAccess
LogPluginManager: Mounting plugin PerforceSourceControl
LogPluginManager: Mounting plugin SubversionSourceControl
LogPluginManager: Mounting plugin UObjectPlugin
LogPluginManager: Mounting plugin VisualStudioCodeSourceCodeAccess
LogPluginManager: Mounting plugin VisualStudioSourceCodeAccess
LogPluginManager: Mounting plugin XCodeSourceCodeAccess
LogPluginManager: Mounting plugin AssetManagerEditor
LogPluginManager: Mounting plugin CryptoKeys
LogPluginManager: Mounting plugin DataValidation
LogPluginManager: Mounting plugin FacialAnimation
LogPluginManager: Mounting plugin GameplayTagsEditor
LogPluginManager: Mounting plugin MobileLauncherProfileWizard
LogPluginManager: Mounting plugin PluginBrowser
LogPluginManager: Mounting plugin SpeedTreeImporter
LogPluginManager: Mounting plugin DatasmithContent
LogPluginManager: Mounting plugin AlembicImporter
LogPluginManager: Mounting plugin CharacterAI
LogPluginManager: Mounting plugin HTML5Networking
LogPluginManager: Mounting plugin AndroidMedia
LogPluginManager: Mounting plugin AvfMedia
LogPluginManager: Mounting plugin ImgMedia
LogPluginManager: Mounting plugin LinearTimecode
LogPluginManager: Mounting plugin MediaCompositing
LogPluginManager: Mounting plugin MediaPlayerEditor
LogPluginManager: Mounting plugin WmfMedia
LogPluginManager: Mounting plugin TcpMessaging
LogPluginManager: Mounting plugin UdpMessaging
LogPluginManager: Mounting plugin ActorSequence
LogPluginManager: Mounting plugin LevelSequenceEditor
LogPluginManager: Mounting plugin MatineeToLevelSequence
LogPluginManager: Mounting plugin NetcodeUnitTest
LogPluginManager: Mounting plugin NUTUnrealEngine4
LogPluginManager: Mounting plugin OnlineSubsystemGooglePlay
LogPluginManager: Mounting plugin OnlineSubsystemIOS
LogPluginManager: Mounting plugin OnlineSubsystem
LogPluginManager: Mounting plugin OnlineSubsystemNull
LogPluginManager: Mounting plugin OnlineSubsystemUtils
LogPluginManager: Mounting plugin AndroidDeviceProfileSelector
LogPluginManager: Mounting plugin AndroidMoviePlayer
LogPluginManager: Mounting plugin AndroidPermission
LogPluginManager: Mounting plugin AppleARKit
LogPluginManager: Mounting plugin AppleMoviePlayer
LogPluginManager: Mounting plugin ArchVisCharacter
LogPluginManager: Mounting plugin AudioCapture
LogPluginManager: Mounting plugin CableComponent
LogPluginManager: Mounting plugin CustomMeshComponent
LogPluginManager: Mounting plugin ExampleDeviceProfileSelector
LogPluginManager: Mounting plugin GoogleCloudMessaging
LogPluginManager: Mounting plugin ImmediatePhysics
LogPluginManager: Mounting plugin IOSDeviceProfileSelector
LogPluginManager: Mounting plugin LinuxDeviceProfileSelector
LogPluginManager: Mounting plugin LocationServicesBPLibrary
LogPluginManager: Mounting plugin MobilePatchingUtils
LogPluginManager: Mounting plugin OculusVR
LogPluginManager: Plugin shader directory ../../../Engine/Plugins/Runtime/Oculus/OculusVR/Shaders found
LogPluginManager: Mapping shader source directory ../../../Engine/Plugins/Runtime/Oculus/OculusVR/Shaders to virtual directory /Plugin/OculusVR
LogPluginManager: Mounting plugin PhysXVehicles
LogPluginManager: Mounting plugin ProceduralMeshComponent
LogPluginManager: Mounting plugin RuntimePhysXCooking
LogPluginManager: Mounting plugin SteamVR
LogPluginManager: Mounting plugin WindowsMoviePlayer
LogStreaming: Display: Took  0.952s to configure plugins.
LogInit: Using libcurl 7.47.1
LogInit:  - built for x86_64-pc-win32
LogInit:  - supports SSL with OpenSSL/1.0.2g
LogInit:  - supports HTTP deflate (compression) using libz 1.2.8
LogInit:  - other features:
LogInit:      CURL_VERSION_SSL
LogInit:      CURL_VERSION_LIBZ
LogInit:      CURL_VERSION_IPV6
LogInit:      CURL_VERSION_ASYNCHDNS
LogInit:      CURL_VERSION_LARGEFILE
LogInit:      CURL_VERSION_IDN
LogInit:  CurlRequestOptions (configurable via config and command line):
LogInit:  - bVerifyPeer = false  - Libcurl will NOT verify peer certificate
LogInit:  - bUseHttpProxy = false  - Libcurl will NOT use HTTP proxy
LogInit:  - bDontReuseConnections = false  - Libcurl will reuse connections
LogInit:  - CertBundlePath = nullptr  - Libcurl will use whatever was configured at build time.
LogInit:  - MaxHostConnections = 16  - Libcurl will limit the number of connections to a host
LogInit:  - LocalHostAddr = Default
LogInit: WinSock: version 1.1 (2.2), MaxSocks=32767, MaxUdp=65467
LogInit: WinSock: I am BOSL-JBERLONG (10.9.252.33:0)
LogInit: Build: ++UE4+Release-4.19-CL-3944462
LogInit: Engine Version: 4.19.0-3944462+++UE4+Release-4.19
LogInit: Compatible Engine Version: 4.19.0-3944462+++UE4+Release-4.19
LogInit: Net CL: 3944462
LogDevObjectVersion: Number of dev versions registered: 18
LogDevObjectVersion:   Dev-Blueprints (B0D832E4-1F89-4F0D-ACCF-7EB736FD4AA2): 10
LogDevObjectVersion:   Dev-Build (E1C64328-A22C-4D53-A36C-8E866417BD8C): 0
LogDevObjectVersion:   Dev-Core (375EC13C-06E4-48FB-B500-84F0262A717E): 2
LogDevObjectVersion:   Dev-Editor (E4B068ED-F494-42E9-A231-DA0B2E46BB41): 23
LogDevObjectVersion:   Dev-Framework (CFFC743F-43B0-4480-9391-14DF171D2073): 33
LogDevObjectVersion:   Dev-Mobile (B02B49B5-BB20-44E9-A304-32B752E40360): 2
LogDevObjectVersion:   Dev-Networking (A4E4105C-59A1-49B5-A7C5-40C4547EDFEE): 0
LogDevObjectVersion:   Dev-Online (39C831C9-5AE6-47DC-9A44-9C173E1C8E7C): 0
LogDevObjectVersion:   Dev-Physics (78F01B33-EBEA-4F98-B9B4-84EACCB95AA2): 0
LogDevObjectVersion:   Dev-Platform (6631380F-2D4D-43E0-8009-CF276956A95A): 0
LogDevObjectVersion:   Dev-Rendering (12F88B9F-8875-4AFC-A67C-D90C383ABD29): 25
LogDevObjectVersion:   Dev-Sequencer (7B5AE74C-D270-4C10-A958-57980B212A5A): 6
LogDevObjectVersion:   Dev-VR (D7296918-1DD6-4BDD-9DE2-64A83CC13884): 1
LogDevObjectVersion:   Dev-LoadTimes (C2A15278-BFE7-4AFE-6C17-90FF531DF755): 1
LogDevObjectVersion:   Private-Geometry (6EACA3D4-40EC-4CC1-B786-8BED09428FC5): 2
LogDevObjectVersion:   Dev-AnimPhys (29E575DD-E0A3-4627-9D10-D276232CDCEA): 16
LogDevObjectVersion:   Dev-ReflectionCapture (6B266CEC-1EC7-4B8F-A30B-E4D90942FC07): 1
LogDevObjectVersion:   Dev-Automation (0DF73D61-A23F-47EA-B727-89E90C41499A): 1
LogInit: Compiled (64-bit): Mar 13 2018 23:12:32
LogInit: Compiled with Visual C++: 19.00.24215.01
LogInit: Build Configuration: Development
LogInit: Branch Name: ++UE4+Release-4.19
LogInit: Command Line: -EpicPortal 
LogInit: Base Directory: D:/Development/UE_4.19/Engine/Binaries/Win64/
LogInit: Installed Engine Build: 1
LogStreaming: Display: Took  0.000s to delete old logs.
LogInit: Presizing for max 8388607 objects, including 0 objects not considered by GC, pre-allocating 0 bytes for permanent pool.
LogInit: Object subsystem initialized
[2018.03.24-00.07.37:732][  0]LogInit: Selected Device Profile: [Windows]
[2018.03.24-00.07.37:732][  0]LogInit: Applying CVar settings loaded from the selected device profile: [Windows]
[2018.03.24-00.07.37:756][  0]LogInit: Computer: BOSL-JBERLONG
[2018.03.24-00.07.37:756][  0]LogInit: User: jberlongieri
[2018.03.24-00.07.37:756][  0]LogInit: CPU Page size=4096, Cores=4
[2018.03.24-00.07.37:756][  0]LogInit: High frequency timer resolution =2.742187 MHz
[2018.03.24-00.07.37:757][  0]LogMemory: Memory total: Physical=31.9GB (32GB approx)
[2018.03.24-00.07.37:757][  0]LogMemory: Platform Memory Stats for Windows
[2018.03.24-00.07.37:757][  0]LogMemory: Process Physical Memory: 274.24 MB used, 274.24 MB peak
[2018.03.24-00.07.37:757][  0]LogMemory: Process Virtual Memory: 264.51 MB used, 264.51 MB peak
[2018.03.24-00.07.37:757][  0]LogMemory: Physical Memory: 7063.49 MB used,  25570.77 MB free, 32634.27 MB total
[2018.03.24-00.07.37:757][  0]LogMemory: Virtual Memory: 659.64 MB used,  25570.77 MB free, 134217728.00 MB total
[2018.03.24-00.07.37:772][  0]LogInit: Using OS detected language (en-US).
[2018.03.24-00.07.37:772][  0]LogInit: Using OS detected locale (en-US).
[2018.03.24-00.07.37:778][  0]LogTextLocalizationManager: No specific localization for 'en-US' exists, so the 'en' localization will be used.
[2018.03.24-00.07.38:187][  0]LogStreaming: Display: Took  0.416s to EndInitTextLocalization.
[2018.03.24-00.07.38:188][  0]LogInit: Setting process to per monitor DPI aware
[2018.03.24-00.07.38:215][  0]LogSlate: New Slate User Created.  User Index 0, Is Virtual User: 0
[2018.03.24-00.07.38:215][  0]LogSlate: Slate User Registered.  User Index 0, Is Virtual User: 0
[2018.03.24-00.07.38:543][  0]LogD3D11RHI: D3D11 adapters:
[2018.03.24-00.07.38:606][  0]LogD3D11RHI:    0. 'NVIDIA GeForce GTX 1050 Ti' (Feature Level 11_0)
[2018.03.24-00.07.38:606][  0]LogD3D11RHI:       4029/0/16317 MB DedicatedVideo/DedicatedSystem/SharedSystem, Outputs:1, VendorId:0x10de
[2018.03.24-00.07.38:614][  0]LogD3D11RHI:    1. 'Intel(R) HD Graphics 630' (Feature Level 11_0)
[2018.03.24-00.07.38:614][  0]LogD3D11RHI:       128/0/16317 MB DedicatedVideo/DedicatedSystem/SharedSystem, Outputs:0, VendorId:0x8086
[2018.03.24-00.07.38:615][  0]LogD3D11RHI:    2. 'Microsoft Basic Render Driver' (Feature Level 11_0)
[2018.03.24-00.07.38:615][  0]LogD3D11RHI:       0/0/16317 MB DedicatedVideo/DedicatedSystem/SharedSystem, Outputs:0, VendorId:0x1414
[2018.03.24-00.07.38:615][  0]LogD3D11RHI: Chosen D3D11 Adapter: 0
[2018.03.24-00.07.38:622][  0]LogD3D11RHI: Creating new Direct3DDevice
[2018.03.24-00.07.38:622][  0]LogD3D11RHI:     GPU DeviceId: 0x1c8c (for the marketing name, search the web for "GPU Device Id")
[2018.03.24-00.07.38:622][  0]LogWindows: EnumDisplayDevices:
[2018.03.24-00.07.38:622][  0]LogWindows:    0. 'Intel(R) HD Graphics 630' (P:1 D:1)
[2018.03.24-00.07.38:622][  0]LogWindows:    1. 'Intel(R) HD Graphics 630' (P:0 D:0)
[2018.03.24-00.07.38:622][  0]LogWindows:    2. 'Intel(R) HD Graphics 630' (P:0 D:0)
[2018.03.24-00.07.38:623][  0]LogWindows:    3. 'NVIDIA GeForce GTX 1050 Ti' (P:0 D:0)
[2018.03.24-00.07.38:623][  0]LogWindows: DebugString: PrimaryIsNotTheChoosenAdapter PrimaryIsNotTheChoosenAdapter PrimaryIsNotTheChoosenAdapter 
[2018.03.24-00.07.38:623][  0]LogD3D11RHI:     Adapter Name: NVIDIA GeForce GTX 1050 Ti
[2018.03.24-00.07.38:623][  0]LogD3D11RHI:   Driver Version: 388.16 (internal:23.21.13.8816, unified:388.16)
[2018.03.24-00.07.38:623][  0]LogD3D11RHI:      Driver Date: 10-30-2017
[2018.03.24-00.07.38:623][  0]LogRHI: Texture pool is 2820 MB (70% of 4029 MB)
[2018.03.24-00.07.38:659][  0]LogD3D11RHI: [Aftermath] Aftermath enabled but failed to initialize
[2018.03.24-00.07.38:659][  0]LogD3D11RHI: Async texture creation enabled
[2018.03.24-00.07.38:669][  0]LogD3D11RHI: GPU Timing Frequency: 1000.000000 (Debug: 2 1)
[2018.03.24-00.07.38:670][  0]LogShaderCompilers: Guid format shader working directory is -11 characters bigger than the processId version (C:/Users/jberlongieri/Documents/Unreal Projects/BVS4UE_JRB 4.19/Intermediate/Shaders/WorkingDirectory/12884/).
[2018.03.24-00.07.38:670][  0]LogShaderCompilers: Cleaned the shader compiler working directory 'C:/Users/jberlongieri/AppData/Local/Temp/UnrealShaderWorkingDir/F668923A45AAF7F2F2EC77BBAE837241/'.
[2018.03.24-00.07.38:893][  0]LogTemp: Display: Loaded TP AllDesktopTargetPlatform
[2018.03.24-00.07.38:907][  0]LogTemp: Display: Loaded TP MacClientTargetPlatform
[2018.03.24-00.07.38:920][  0]LogTemp: Display: Loaded TP MacNoEditorTargetPlatform
[2018.03.24-00.07.38:934][  0]LogTemp: Display: Loaded TP MacServerTargetPlatform
[2018.03.24-00.07.38:949][  0]LogTemp: Display: Loaded TP MacTargetPlatform
[2018.03.24-00.07.38:962][  0]LogTemp: Display: Loaded TP WindowsClientTargetPlatform
[2018.03.24-00.07.38:975][  0]LogTemp: Display: Loaded TP WindowsNoEditorTargetPlatform
[2018.03.24-00.07.38:990][  0]LogTemp: Display: Loaded TP WindowsServerTargetPlatform
[2018.03.24-00.07.38:996][  0]LogTemp: Display: Loaded TP WindowsTargetPlatform
[2018.03.24-00.07.39:012][  0]LogTemp: Display: Loaded TP Android_ASTCTargetPlatform
[2018.03.24-00.07.39:025][  0]LogTemp: Display: Loaded TP Android_ATCTargetPlatform
[2018.03.24-00.07.39:038][  0]LogTemp: Display: Loaded TP Android_DXTTargetPlatform
[2018.03.24-00.07.39:052][  0]LogTemp: Display: Loaded TP Android_ETC1aTargetPlatform
[2018.03.24-00.07.39:064][  0]LogTemp: Display: Loaded TP Android_ETC1TargetPlatform
[2018.03.24-00.07.39:077][  0]LogTemp: Display: Loaded TP Android_ETC2TargetPlatform
[2018.03.24-00.07.39:104][  0]LogTemp: Display: Loaded TP Android_MultiTargetPlatform
[2018.03.24-00.07.39:104][  0]LogTemp: Display: Loaded TP Android_PVRTCTargetPlatform
[2018.03.24-00.07.39:118][  0]LogTemp: Display: Loaded TP AndroidTargetPlatform
[2018.03.24-00.07.39:119][  0]LogTemp: Display: Loaded TP HTML5TargetPlatform
[2018.03.24-00.07.39:158][  0]LogTemp: Display: Loaded TP IOSTargetPlatform
[2018.03.24-00.07.39:170][  0]LogTemp: Display: Loaded TP TVOSTargetPlatform
[2018.03.24-00.07.39:185][  0]LogTemp: Display: Loaded TP LinuxClientTargetPlatform
[2018.03.24-00.07.39:198][  0]LogTemp: Display: Loaded TP LinuxNoEditorTargetPlatform
[2018.03.24-00.07.39:213][  0]LogTemp: Display: Loaded TP LinuxServerTargetPlatform
[2018.03.24-00.07.39:228][  0]LogTemp: Display: Loaded TP LinuxTargetPlatform
[2018.03.24-00.07.39:228][  0]LogTargetPlatformManager: Display: Building Assets For Windows
[2018.03.24-00.07.39:368][  0]LogXGEController: Cannot use XGE Controller as Incredibuild is not installed on this machine.
[2018.03.24-00.07.39:368][  0]LogShaderCompilers: Cannot use XGE Shader Compiler as Incredibuild is not installed on this machine.
[2018.03.24-00.07.39:368][  0]LogShaderCompilers: Display: Using Local Shader Compiler.
[2018.03.24-00.07.40:077][  0]LogDerivedDataCache: Display: Max Cache Size: 512 MB
[2018.03.24-00.07.40:160][  0]LogDerivedDataCache: Loaded boot cache 0.08s 74MB C:/Users/jberlongieri/AppData/Local/UnrealEngine/4.19/DerivedDataCache/Boot.ddc.
[2018.03.24-00.07.40:160][  0]LogDerivedDataCache: Display: Loaded Boot cache: C:/Users/jberlongieri/AppData/Local/UnrealEngine/4.19/DerivedDataCache/Boot.ddc
[2018.03.24-00.07.40:160][  0]LogDerivedDataCache: FDerivedDataBackendGraph:  Pak pak cache file C:/Users/jberlongieri/Documents/Unreal Projects/BVS4UE_JRB 4.19/DerivedDataCache/DDC.ddp not found, will not use a pak cache.
[2018.03.24-00.07.40:160][  0]LogDerivedDataCache: Unable to find inner node Pak for hierarchical cache Hierarchy.
[2018.03.24-00.07.40:160][  0]LogDerivedDataCache: FDerivedDataBackendGraph:  CompressedPak pak cache file C:/Users/jberlongieri/Documents/Unreal Projects/BVS4UE_JRB 4.19/DerivedDataCache/Compressed.ddp not found, will not use a pak cache.
[2018.03.24-00.07.40:160][  0]LogDerivedDataCache: Unable to find inner node CompressedPak for hierarchical cache Hierarchy.
[2018.03.24-00.07.40:176][  0]LogDerivedDataCache: Display: Pak cache opened for reading ../../../Engine/DerivedDataCache/Compressed.ddp.
[2018.03.24-00.07.40:190][  0]LogDerivedDataCache: Using Local data cache path C:/Users/jberlongieri/AppData/Local/UnrealEngine/Common/DerivedDataCache: Writable
[2018.03.24-00.07.40:201][  0]LogMaterial: Verifying Global Shaders for PCD3D_SM5
[2018.03.24-00.07.40:202][  0]LogSlate: Using Freetype 2.6.0
[2018.03.24-00.07.40:203][  0]LogSlate: SlateFontCache - WITH_FREETYPE: 1, WITH_HARFBUZZ: 1
[2018.03.24-00.07.40:203][  0]LogSlate: SlateFontCache - WITH_FREETYPE: 1, WITH_HARFBUZZ: 1
[2018.03.24-00.07.40:367][  0]LogAssetRegistry: FAssetRegistry took 0.0273 seconds to start up
[2018.03.24-00.07.40:713][  0]LogInit: Selected Device Profile: [Windows]
[2018.03.24-00.07.40:873][  0]LogSimplygon: Simplygon DLL not present - disabling.
[2018.03.24-00.07.40:875][  0]LogMeshReduction: Using SimplygonSwarm for distributed automatic mesh merging
[2018.03.24-00.07.40:875][  0]LogMeshReduction: Using QuadricMeshReduction for automatic static mesh reduction
[2018.03.24-00.07.40:875][  0]LogMeshReduction: No automatic skeletal mesh reduction module available
[2018.03.24-00.07.40:875][  0]LogMeshReduction: No automatic mesh merging module available
[2018.03.24-00.07.40:875][  0]LogMeshMerging: No automatic mesh merging module available
[2018.03.24-00.07.40:916][  0]LogNetVersion: BVS4UE_JRB , NetCL: 3944462, EngineNetVer: 2, GameNetVer: 0 (Checksum: 2874206423)
[2018.03.24-00.07.41:434][  0]LogPackageLocalizationCache: Processed 9 localized package path(s) for 2 prioritized culture(s) in 0.081604 seconds
[2018.03.24-00.07.41:440][  0]LogUObjectArray: 36728 objects as part of root set at end of initial load.
[2018.03.24-00.07.41:440][  0]LogUObjectAllocator: 7314304 out of 0 bytes used by permanent object pool.
[2018.03.24-00.07.41:440][  0]LogUObjectArray: CloseDisregardForGC: 0/0 objects in disregard for GC pool
[2018.03.24-00.07.43:850][  0]LogTcpMessaging: Initializing TcpMessaging bridge
[2018.03.24-00.07.43:885][  0]LogUdpMessaging: Initializing bridge on interface 0.0.0.0:0 to multicast group 230.0.0.1:6666.
[2018.03.24-00.07.44:401][  0]SourceControl: Source control is disabled
[2018.03.24-00.07.44:401][  0]SourceControl: Source control is disabled
[2018.03.24-00.07.44:426][  0]SourceControl: Source control is disabled
[2018.03.24-00.07.44:449][  0]SourceControl: Source control is disabled
[2018.03.24-00.07.45:127][  0]LogAndroidPermission: UAndroidPermissionCallbackProxy::GetInstance
[2018.03.24-00.07.45:320][  0]LogOcInput: OculusInput pre-init called
[2018.03.24-00.07.45:457][  0]LogEngine: Initializing Engine...
[2018.03.24-00.07.45:459][  0]LogHMD: Failed to initialize OpenVR with code 110
[2018.03.24-00.07.45:461][  0]LogStats: UGameplayTagsManager::ConstructGameplayTagTree: Construct from data asset -  0.000 s
[2018.03.24-00.07.45:461][  0]LogStats: UGameplayTagsManager::ConstructGameplayTagTree: GameplayTagTreeChangedEvent.Broadcast -  0.000 s
[2018.03.24-00.07.45:790][  0]LogAIModule: Creating AISystem for world Untitled
[2018.03.24-00.07.45:794][  0]LogInit: XAudio2 using 'Speakers / Headphones (Realtek Audio)' : 2 channels at 48 kHz using 32 bits per sample (channel mask 0x3)
[2018.03.24-00.07.47:098][  0]LogInit: FAudioDevice initialized.
[2018.03.24-00.07.47:193][  0]LogDerivedDataCache: Saved boot cache 0.09s 74MB C:/Users/jberlongieri/AppData/Local/UnrealEngine/4.19/DerivedDataCache/Boot.ddc.
[2018.03.24-00.07.47:208][  0]LogInit: Texture streaming: Enabled
[2018.03.24-00.07.47:224][  0]LogEngineSessionManager: EngineSessionManager initialized
[2018.03.24-00.07.47:239][  0]LogInit: Transaction tracking system initialized
[2018.03.24-00.07.47:256][  0]BlueprintLog: New page: Editor Load
[2018.03.24-00.07.47:318][  0]LocalizationService: Localization service is disabled
[2018.03.24-00.07.47:430][  0]LogConsoleResponse: Display: 
[2018.03.24-00.07.47:600][  0]LogCook: Display: Max memory allowance for cook 16384mb min free memory 0mb
[2018.03.24-00.07.47:600][  0]LogCook: Display: Mobile HDR setting 1
[2018.03.24-00.07.47:600][  0]LogGameplayTags: Display: UGameplayTagsManager::DoneAddingNativeTags. DelegateIsBound: 0
[2018.03.24-00.07.47:601][  0]LogStats: UGameplayTagsManager::ConstructGameplayTagTree: Construct from data asset -  0.000 s
[2018.03.24-00.07.47:601][  0]LogStats: UGameplayTagsManager::ConstructGameplayTagTree: GameplayTagTreeChangedEvent.Broadcast -  0.000 s
[2018.03.24-00.07.48:041][  0]LogFileCache: Scanning file cache for directory 'C:/Users/jberlongieri/Documents/Unreal Projects/BVS4UE_JRB 4.19/Content/' took 0.02s
[2018.03.24-00.07.48:041][  0]SourceControl: Source control is disabled
[2018.03.24-00.07.48:041][  0]Cmd: MAP LOAD FILE="C:/Users/jberlongieri/Documents/Unreal Projects/BVS4UE_JRB 4.19/Content/FirstPersonBP/Maps/FirstPersonExampleMap.umap" TEMPLATE=0 SHOWPROGRESS=1 FEATURELEVEL=3
[2018.03.24-00.07.48:082][  0]LightingResults: New page: Lighting Build
[2018.03.24-00.07.48:085][  0]MapCheck: New page: Map Check
[2018.03.24-00.07.48:085][  0]LightingResults: New page: Lighting Build
[2018.03.24-00.07.48:433][  0]LogBlueprint: Warning: [Compiler Ue4ASP_Character] InputAction Event references unknown Action 'Crouch' for  InputAction Crouch
[2018.03.24-00.07.48:441][  0]LogBlueprint: Warning: [Compiler Ue4ASP_Character] [0012.97] Compile of Ue4ASP_Character successful, but with 1 Warning(s) [in 37 ms] (/Game/AnimStarterPack/Ue4ASP_Character.Ue4ASP_Character)
[2018.03.24-00.07.49:392][  0]LogSkeletalMesh: Skeletal Mesh found in DDC [19.189793ms] /Game/AnimStarterPack/UE4_Mannequin/Mesh/SK_Mannequin.SK_Mannequin
[2018.03.24-00.07.49:500][  0]LogSkeletalMesh: Skeletal Mesh found in DDC [6.068149ms] /Game/FirstPerson/FPWeapon/Mesh/SK_FPGun.SK_FPGun
[2018.03.24-00.07.49:519][  0]LogSkeletalMesh: Skeletal Mesh found in DDC [8.240138ms] /Game/FirstPerson/Character/Mesh/SK_Mannequin_Arms.SK_Mannequin_Arms
[2018.03.24-00.07.49:977][  0]LogAIModule: Creating AISystem for world FirstPersonExampleMap
[2018.03.24-00.07.50:006][  0]LogEditorServer: Finished looking for orphan Actors (0.000 secs)
[2018.03.24-00.07.50:024][  0]Cmd: MAP CHECKDEP NOCLEARLOG
[2018.03.24-00.07.50:124][  0]MapCheck: Map check complete: 0 Error(s), 0 Warning(s), took 99.748ms to complete.
[2018.03.24-00.07.50:124][  0]LogFileHelpers: Loading map 'FirstPersonExampleMap' took 2.083
[2018.03.24-00.07.50:278][  0]LogCollectionManager: Loaded 0 collections in 0.001130 seconds
[2018.03.24-00.07.50:319][  0]LogFileCache: Scanning file cache for directory 'C:/Users/jberlongieri/Documents/Unreal Projects/BVS4UE_JRB 4.19/Saved/Collections/' took 0.01s
[2018.03.24-00.07.50:319][  0]LogFileCache: Scanning file cache for directory 'C:/Users/jberlongieri/Documents/Unreal Projects/BVS4UE_JRB 4.19/Content/Developers/jberlongieri/Collections/' took 0.01s
[2018.03.24-00.07.50:319][  0]LogFileCache: Scanning file cache for directory 'C:/Users/jberlongieri/Documents/Unreal Projects/BVS4UE_JRB 4.19/Content/Collections/' took 0.01s
[2018.03.24-00.07.50:319][  0]LogCollectionManager: Rebuilt the GUID cache for 0 collections in 0.000000 seconds
[2018.03.24-00.07.50:330][  0]LogContentBrowser: Native class hierarchy populated in 0.0102 seconds. Added 2452 classes and 558 folders.
[2018.03.24-00.07.50:335][  0]LogContentBrowser: Native class hierarchy updated for 'WidgetCarousel' in 0.0004 seconds. Added 0 classes and 0 folders.
[2018.03.24-00.07.50:426][  0]LogContentBrowser: Native class hierarchy updated for 'AddContentDialog' in 0.0002 seconds. Added 0 classes and 0 folders.
[2018.03.24-00.07.50:430][  0]LogContentBrowser: Native class hierarchy updated for 'SceneOutliner' in 0.0002 seconds. Added 1 classes and 2 folders.
[2018.03.24-00.07.50:451][  0]LogSlate: Took 0.002043 seconds to synchronously load lazily loaded font '../../../Engine/Content/Slate/Fonts/Roboto-Regular.ttf' (155K)
[2018.03.24-00.07.50:453][  0]LogSlate: Took 0.000441 seconds to synchronously load lazily loaded font '../../../Engine/Content/Slate/Fonts/Roboto-Bold.ttf' (160K)
[2018.03.24-00.07.50:460][  0]LogSlate: Took 0.001149 seconds to synchronously load lazily loaded font '../../../Engine/Content/Editor/Slate/Fonts/FontAwesome.ttf' (139K)
[2018.03.24-00.07.50:568][  0]LogRenderer: Reallocating scene render targets to support 964x436 Format 10 NumSamples 1 (Frame:1).
[2018.03.24-00.07.50:804][  0]LogContentBrowser: Native class hierarchy updated for 'HierarchicalLODOutliner' in 0.0002 seconds. Added 0 classes and 0 folders.
[2018.03.24-00.07.50:804][  0]LogLoad: (Engine Initialization) Total time: 15.33 seconds
[2018.03.24-00.07.50:804][  0]LogLoad: (Engine Initialization) Total Blueprint compile time: 0.00 seconds
[2018.03.24-00.07.50:822][  0]LogWindowsTextInputMethodSystem: Display: IME system now deactivated.
[2018.03.24-00.07.50:842][  0]LogContentStreaming: Texture pool size now 1000 MB
[2018.03.24-00.07.50:889][  0]LogSlate: Took 0.001511 seconds to synchronously load lazily loaded font '../../../Engine/Content/Slate/Fonts/Roboto-Light.ttf' (167K)
[2018.03.24-00.07.50:910][  1]LogAssetRegistry: Asset discovery search completed in 10.5653 seconds
[2018.03.24-00.07.50:913][  1]LogCollectionManager: Rebuilt the object cache for 0 collections in 0.000000 seconds (found 0 objects)
[2018.03.24-00.07.50:913][  1]LogCollectionManager: Fixed up redirectors for 0 collections in 0.000059 seconds (updated 0 objects)
[2018.03.24-00.08.05:720][874]LogSlate: FSceneViewport::OnFocusLost() reason 0
[2018.03.24-00.08.05:837][881]LogTemp: Repeating last play command: Selected Viewport
[2018.03.24-00.08.05:852][881]LogBlueprintUserMessages: Early PlayInEditor Detection: Level '/Game/FirstPersonBP/Maps/FirstPersonExampleMap.FirstPersonExampleMap:PersistentLevel' has LevelScriptBlueprint '/Game/FirstPersonBP/Maps/FirstPersonExampleMap.FirstPersonExampleMap:PersistentLevel.FirstPersonExampleMap' with GeneratedClass '/Game/FirstPersonBP/Maps/FirstPersonExampleMap.FirstPersonExampleMap_C' with ClassGeneratedBy '/Game/FirstPersonBP/Maps/FirstPersonExampleMap.FirstPersonExampleMap:PersistentLevel.FirstPersonExampleMap'
[2018.03.24-00.08.05:853][881]LogPlayLevel: PlayLevel: No blueprints needed recompiling
[2018.03.24-00.08.05:854][881]PIE: New page: PIE session: FirstPersonExampleMap (Mar 23, 2018, 4:08:05 PM)
[2018.03.24-00.08.05:854][881]LogPlayLevel: Creating play world package: /Game/FirstPersonBP/Maps/UEDPIE_0_FirstPersonExampleMap
[2018.03.24-00.08.05:891][881]LogPlayLevel: PIE: StaticDuplicateObject took: (0.036885s)
[2018.03.24-00.08.05:892][881]LogAIModule: Creating AISystem for world FirstPersonExampleMap
[2018.03.24-00.08.05:892][881]LogPlayLevel: PIE: World Init took: (0.000902s)
[2018.03.24-00.08.05:892][881]LogPlayLevel: PIE: Created PIE world by copying editor world from /Game/FirstPersonBP/Maps/FirstPersonExampleMap.FirstPersonExampleMap to /Game/FirstPersonBP/Maps/UEDPIE_0_FirstPersonExampleMap.FirstPersonExampleMap (0.038032s)
[2018.03.24-00.08.05:907][881]LogInit: XAudio2 using 'Speakers / Headphones (Realtek Audio)' : 2 channels at 48 kHz using 32 bits per sample (channel mask 0x3)
[2018.03.24-00.08.05:982][881]LogInit: FAudioDevice initialized.
[2018.03.24-00.08.06:030][881]LogLoad: Game class is 'FirstPersonGameMode_C'
[2018.03.24-00.08.06:033][881]PIE: Warning: Invalid Simulate Options: Body (Cone_Blueprint_2.Sphere) is set to simulate physics but Collision Enabled is incompatible
[2018.03.24-00.08.06:034][881]PIE: Warning: Invalid Simulate Options: Body (Cone_Blueprint_2.Sphere) is set to simulate physics but Collision Enabled is incompatible
[2018.03.24-00.08.06:034][881]PIE: Warning: Invalid Simulate Options: Body (Cone_Blueprint3_5.Sphere) is set to simulate physics but Collision Enabled is incompatible
[2018.03.24-00.08.06:034][881]PIE: Warning: Invalid Simulate Options: Body (Cone_Blueprint3_5.Sphere) is set to simulate physics but Collision Enabled is incompatible
[2018.03.24-00.08.06:034][881]PIE: Warning: Invalid Simulate Options: Body (Cone_Blueprint5_55.Sphere) is set to simulate physics but Collision Enabled is incompatible
[2018.03.24-00.08.06:034][881]PIE: Warning: Invalid Simulate Options: Body (Cone_Blueprint5_55.Sphere) is set to simulate physics but Collision Enabled is incompatible
[2018.03.24-00.08.06:034][881]PIE: Warning: Invalid Simulate Options: Body (Cone_Blueprint6_91.Sphere) is set to simulate physics but Collision Enabled is incompatible
[2018.03.24-00.08.06:034][881]PIE: Warning: Invalid Simulate Options: Body (Cone_Blueprint6_91.Sphere) is set to simulate physics but Collision Enabled is incompatible
[2018.03.24-00.08.06:034][881]PIE: Warning: Invalid Simulate Options: Body (Cone_Blueprint7_151.Sphere) is set to simulate physics but Collision Enabled is incompatible
[2018.03.24-00.08.06:034][881]PIE: Warning: Invalid Simulate Options: Body (Cone_Blueprint7_151.Sphere) is set to simulate physics but Collision Enabled is incompatible
[2018.03.24-00.08.06:034][881]PIE: Warning: Invalid Simulate Options: Body (Cone_Blueprint8_217.Sphere) is set to simulate physics but Collision Enabled is incompatible
[2018.03.24-00.08.06:034][881]PIE: Warning: Invalid Simulate Options: Body (Cone_Blueprint8_217.Sphere) is set to simulate physics but Collision Enabled is incompatible
[2018.03.24-00.08.06:036][881]LogWorld: Bringing World /Game/FirstPersonBP/Maps/UEDPIE_0_FirstPersonExampleMap.FirstPersonExampleMap up for play (max tick rate 60) at 2018.03.23-20.08.06
[2018.03.24-00.08.06:039][881]LogWorld: Bringing up level for play took: 0.007125
[2018.03.24-00.08.06:043][881]LogContentBrowser: Native class hierarchy updated for 'MovieSceneCapture' in 0.0003 seconds. Added 11 classes and 0 folders.
[2018.03.24-00.08.06:046][881]PIE: Play in editor start time for /Game/FirstPersonBP/Maps/UEDPIE_0_FirstPersonExampleMap 0.375
[2018.03.24-00.08.06:046][881]LogBlueprintUserMessages: Late PlayInEditor Detection: Level '/Game/FirstPersonBP/Maps/FirstPersonExampleMap.FirstPersonExampleMap:PersistentLevel' has LevelScriptBlueprint '/Game/FirstPersonBP/Maps/FirstPersonExampleMap.FirstPersonExampleMap:PersistentLevel.FirstPersonExampleMap' with GeneratedClass '/Game/FirstPersonBP/Maps/FirstPersonExampleMap.FirstPersonExampleMap_C' with ClassGeneratedBy '/Game/FirstPersonBP/Maps/FirstPersonExampleMap.FirstPersonExampleMap:PersistentLevel.FirstPersonExampleMap'
[2018.03.24-00.08.14:122][363]LogBlueprintUserMessages: [Cone_Blueprint8_217] X=180.779 Y=-45.574 Z=266.754
[2018.03.24-00.08.14:973][414]LogBlueprintUserMessages: [Cone_Blueprint6_91] X=-269.089 Y=59.328 Z=273.359
[2018.03.24-00.08.15:322][435]LogBlueprintUserMessages: [Cone_Blueprint6_91] X=-268.903 Y=33.358 Z=258.340
[2018.03.24-00.08.20:211][726]LogBlueprintUserMessages: [Cone_Blueprint8_217] X=224.403 Y=129.378 Z=203.031
[2018.03.24-00.08.20:228][727]LogBlueprintUserMessages: [Cone_Blueprint8_217] X=220.148 Y=123.130 Z=205.043
[2018.03.24-00.08.20:245][728]LogBlueprintUserMessages: [Cone_Blueprint8_217] X=217.005 Y=126.369 Z=206.834
[2018.03.24-00.08.20:262][729]LogBlueprintUserMessages: [Cone_Blueprint8_217] X=212.745 Y=122.814 Z=208.127
[2018.03.24-00.08.20:278][730]LogBlueprintUserMessages: [Cone_Blueprint8_217] X=211.921 Y=126.327 Z=209.181
[2018.03.24-00.08.20:295][731]LogBlueprintUserMessages: [Cone_Blueprint8_217] X=209.174 Y=123.071 Z=211.902
[2018.03.24-00.08.20:311][732]LogBlueprintUserMessages: [Cone_Blueprint8_217] X=214.197 Y=127.179 Z=216.579
[2018.03.24-00.08.20:311][732]LogBlueprintUserMessages: [Cone_Blueprint8_217] X=214.197 Y=127.179 Z=216.579
[2018.03.24-00.08.20:328][733]LogBlueprintUserMessages: [Cone_Blueprint8_217] X=217.556 Y=125.747 Z=221.275
[2018.03.24-00.08.31:062][377]LogBlueprintUserMessages: [Cone_Blueprint7_151] X=-21.240 Y=-187.928 Z=289.579
[2018.03.24-00.08.31:295][391]LogBlueprintUserMessages: [Cone_Blueprint7_151] X=11.601 Y=-190.748 Z=268.382
[2018.03.24-00.08.31:963][431]LogBlueprintUserMessages: [Cone_Blueprint8_217] X=192.563 Y=60.175 Z=230.568
[2018.03.24-00.08.31:980][432]LogBlueprintUserMessages: [Cone_Blueprint8_217] X=189.544 Y=65.151 Z=228.862
[2018.03.24-00.08.31:996][433]LogBlueprintUserMessages: [Cone_Blueprint8_217] X=189.478 Y=61.837 Z=226.252
[2018.03.24-00.08.34:196][565]LogBlueprintUserMessages: [Cone_Blueprint8_217] X=199.568 Y=47.362 Z=225.737
[2018.03.24-00.08.36:212][686]LogBlueprintUserMessages: [Cone_Blueprint3_5] X=55.059 Y=-213.873 Z=599.710
[2018.03.24-00.08.36:480][702]LogBlueprintUserMessages: [Cone_Blueprint3_5] X=98.012 Y=-207.055 Z=592.321
[2018.03.24-00.08.40:563][947]LogBlueprintUserMessages: [Cone_Blueprint5_55] X=233.260 Y=-415.221 Z=204.500
[2018.03.24-00.08.40:580][948]LogBlueprintUserMessages: [Cone_Blueprint5_55] X=237.960 Y=-410.438 Z=208.634
[2018.03.24-00.08.40:597][949]LogBlueprintUserMessages: [Cone_Blueprint5_55] X=243.761 Y=-404.717 Z=211.465
[2018.03.24-00.08.40:614][950]LogBlueprintUserMessages: [Cone_Blueprint5_55] X=250.132 Y=-401.977 Z=219.260
[2018.03.24-00.08.40:614][950]LogBlueprintUserMessages: [Cone_Blueprint5_55] X=258.043 Y=-400.350 Z=214.153
[2018.03.24-00.08.40:630][951]LogBlueprintUserMessages: [Cone_Blueprint5_55] X=255.106 Y=-393.631 Z=217.013
[2018.03.24-00.08.40:647][952]LogBlueprintUserMessages: [Cone_Blueprint5_55] X=274.116 Y=-390.033 Z=219.687
[2018.03.24-00.08.40:663][953]LogBlueprintUserMessages: [Cone_Blueprint5_55] X=281.816 Y=-385.392 Z=222.440
[2018.03.24-00.08.45:198][225]LogBlueprintUserMessages: [Cone_Blueprint5_55] X=313.028 Y=-415.537 Z=268.034
[2018.03.24-00.08.45:331][233]LogBlueprintUserMessages: [Cone_Blueprint5_55] X=262.504 Y=-403.202 Z=281.538
[2018.03.24-00.08.47:013][334]LogSlate: FSceneViewport::OnFocusLost() reason 0
[2018.03.24-00.08.47:130][341]LogBlueprintUserMessages: Early EndPlayMap Detection: Level '/Game/FirstPersonBP/Maps/FirstPersonExampleMap.FirstPersonExampleMap:PersistentLevel' has LevelScriptBlueprint '/Game/FirstPersonBP/Maps/FirstPersonExampleMap.FirstPersonExampleMap:PersistentLevel.FirstPersonExampleMap' with GeneratedClass '/Game/FirstPersonBP/Maps/FirstPersonExampleMap.FirstPersonExampleMap_C' with ClassGeneratedBy '/Game/FirstPersonBP/Maps/FirstPersonExampleMap.FirstPersonExampleMap:PersistentLevel.FirstPersonExampleMap'
[2018.03.24-00.08.47:165][341]LogBlueprintUserMessages: Late EndPlayMap Detection: Level '/Game/FirstPersonBP/Maps/FirstPersonExampleMap.FirstPersonExampleMap:PersistentLevel' has LevelScriptBlueprint '/Game/FirstPersonBP/Maps/FirstPersonExampleMap.FirstPersonExampleMap:PersistentLevel.FirstPersonExampleMap' with GeneratedClass '/Game/FirstPersonBP/Maps/FirstPersonExampleMap.FirstPersonExampleMap_C' with ClassGeneratedBy '/Game/FirstPersonBP/Maps/FirstPersonExampleMap.FirstPersonExampleMap:PersistentLevel.FirstPersonExampleMap'
